{
  "RSpec": {
    "coverage": {
      "/Users/hellospiral/Desktop/ji_scale_designer/spec/features/add_note_pages_spec.rb": [
        1,
        null,
        1,
        1,
        1,
        1,
        1,
        1,
        1,
        1,
        1,
        null,
        null,
        1,
        1,
        1,
        1,
        1,
        1,
        1,
        null,
        null
      ],
      "/Users/hellospiral/Desktop/ji_scale_designer/spec/rails_helper.rb": [
        null,
        1,
        1,
        null,
        1,
        1,
        1,
        1,
        null,
        null,
        null,
        null,
        null,
        null,
        null,
        null,
        null,
        null,
        null,
        null,
        null,
        null,
        null,
        null,
        null,
        null,
        null,
        1,
        null,
        1,
        null,
        1,
        null,
        null,
        null,
        null,
        null,
        null,
        1,
        1,
        null,
        null,
        1,
        17,
        17,
        null,
        null,
        null,
        null,
        null,
        null,
        null,
        null,
        null,
        null,
        null,
        null,
        null,
        null,
        null,
        null,
        1,
        null,
        null,
        1,
        null,
        null,
        null,
        null,
        1,
        1,
        1,
        1,
        null,
        null
      ],
      "/Users/hellospiral/Desktop/ji_scale_designer/config/environment.rb": [
        null,
        1,
        null,
        null,
        1
      ],
      "/Users/hellospiral/Desktop/ji_scale_designer/config/application.rb": [
        1,
        null,
        1,
        null,
        1,
        1,
        1,
        1,
        1,
        1,
        1,
        1,
        null,
        null,
        null,
        null,
        1,
        null,
        1,
        1,
        null,
        null,
        null,
        null,
        null
      ],
      "/Users/hellospiral/Desktop/ji_scale_designer/config/boot.rb": [
        1,
        null,
        1
      ],
      "/Users/hellospiral/Desktop/ji_scale_designer/config/spring.rb": [
        null,
        null,
        null,
        null,
        null,
        5
      ],
      "/Users/hellospiral/Desktop/ji_scale_designer/config/environments/test.rb": [
        1,
        null,
        null,
        null,
        null,
        null,
        null,
        1,
        null,
        null,
        null,
        null,
        1,
        null,
        null,
        1,
        1,
        null,
        null,
        null,
        null,
        1,
        1,
        null,
        null,
        1,
        null,
        null,
        1,
        1,
        null,
        null,
        null,
        null,
        1,
        null,
        null,
        1,
        null,
        null,
        null,
        null
      ],
      "/Users/hellospiral/Desktop/ji_scale_designer/config/initializers/application_controller_renderer.rb": [
        null,
        null,
        null,
        null,
        null,
        null
      ],
      "/Users/hellospiral/Desktop/ji_scale_designer/config/initializers/assets.rb": [
        null,
        null,
        null,
        1,
        null,
        null,
        null,
        null,
        null,
        null,
        null
      ],
      "/Users/hellospiral/Desktop/ji_scale_designer/config/initializers/backtrace_silencers.rb": [
        null,
        null,
        null,
        null,
        null,
        null,
        null
      ],
      "/Users/hellospiral/Desktop/ji_scale_designer/config/initializers/cookies_serializer.rb": [
        null,
        null,
        null,
        null,
        1
      ],
      "/Users/hellospiral/Desktop/ji_scale_designer/config/initializers/devise.rb": [
        null,
        null,
        1,
        1,
        null,
        null,
        null,
        null,
        null,
        null,
        null,
        null,
        null,
        null,
        null,
        1,
        null,
        null,
        null,
        null,
        null,
        null,
        null,
        null,
        null,
        null,
        null,
        1,
        null,
        null,
        null,
        null,
        null,
        null,
        null,
        null,
        null,
        null,
        null,
        null,
        null,
        null,
        null,
        null,
        null,
        null,
        null,
        null,
        null,
        1,
        null,
        null,
        null,
        null,
        1,
        null,
        null,
        null,
        null,
        null,
        null,
        null,
        null,
        null,
        null,
        null,
        null,
        null,
        null,
        null,
        null,
        null,
        null,
        null,
        null,
        null,
        null,
        null,
        null,
        null,
        null,
        null,
        null,
        null,
        null,
        1,
        null,
        null,
        null,
        null,
        null,
        null,
        null,
        null,
        null,
        null,
        null,
        null,
        null,
        null,
        null,
        null,
        null,
        null,
        null,
        null,
        null,
        null,
        1,
        null,
        null,
        null,
        null,
        null,
        null,
        null,
        null,
        null,
        null,
        null,
        null,
        null,
        null,
        null,
        null,
        null,
        null,
        null,
        null,
        null,
        null,
        null,
        null,
        null,
        null,
        null,
        1,
        null,
        null,
        null,
        null,
        null,
        null,
        null,
        null,
        null,
        1,
        null,
        null,
        null,
        null,
        null,
        null,
        null,
        null,
        null,
        null,
        1,
        null,
        null,
        null,
        null,
        1,
        null,
        null,
        null,
        null,
        null,
        null,
        null,
        null,
        null,
        null,
        null,
        null,
        null,
        null,
        null,
        null,
        null,
        null,
        null,
        null,
        null,
        null,
        null,
        null,
        null,
        null,
        null,
        null,
        null,
        null,
        null,
        null,
        null,
        null,
        null,
        null,
        null,
        null,
        null,
        null,
        1,
        null,
        null,
        null,
        null,
        null,
        null,
        null,
        null,
        null,
        null,
        null,
        null,
        null,
        null,
        null,
        null,
        null,
        null,
        null,
        null,
        null,
        null,
        null,
        null,
        null,
        null,
        null,
        null,
        null,
        null,
        null,
        null,
        null,
        null,
        null,
        null,
        null,
        null,
        null,
        null,
        null,
        1,
        null,
        null,
        null,
        null,
        null,
        null,
        1,
        null,
        null,
        null,
        null,
        null,
        null,
        null,
        null,
        null,
        null,
        null,
        null,
        null,
        null,
        null,
        null,
        null,
        null,
        null,
        null,
        null,
        null,
        null,
        null
      ],
      "/Users/hellospiral/Desktop/ji_scale_designer/config/initializers/filter_parameter_logging.rb": [
        null,
        null,
        null,
        1
      ],
      "/Users/hellospiral/Desktop/ji_scale_designer/config/initializers/inflections.rb": [
        null,
        null,
        null,
        null,
        null,
        null,
        null,
        null,
        null,
        null,
        null,
        null,
        null,
        null,
        null,
        null
      ],
      "/Users/hellospiral/Desktop/ji_scale_designer/config/initializers/mime_types.rb": [
        null,
        null,
        null,
        null
      ],
      "/Users/hellospiral/Desktop/ji_scale_designer/config/initializers/new_framework_defaults.rb": [
        null,
        null,
        null,
        null,
        null,
        null,
        null,
        1,
        null,
        null,
        1,
        null,
        null,
        null,
        1,
        null,
        null,
        1,
        null,
        null,
        1,
        null,
        null,
        1
      ],
      "/Users/hellospiral/Desktop/ji_scale_designer/config/initializers/session_store.rb": [
        null,
        null,
        1
      ],
      "/Users/hellospiral/Desktop/ji_scale_designer/config/initializers/wrap_parameters.rb": [
        null,
        null,
        null,
        null,
        null,
        null,
        1,
        2,
        null,
        null,
        null,
        null,
        null,
        null
      ],
      "/Users/hellospiral/Desktop/ji_scale_designer/config/routes.rb": [
        1,
        1,
        null,
        null,
        1,
        null,
        1,
        1,
        null,
        null
      ],
      "/Users/hellospiral/Desktop/ji_scale_designer/app/models/user.rb": [
        1,
        null,
        null,
        1,
        null,
        null,
        1,
        null,
        1,
        0,
        0,
        0,
        null,
        null,
        null,
        1,
        0,
        0,
        0,
        null,
        null,
        null,
        null
      ],
      "/Users/hellospiral/Desktop/ji_scale_designer/app/models/application_record.rb": [
        1,
        1,
        null
      ],
      "/Users/hellospiral/Desktop/ji_scale_designer/app/controllers/application_controller.rb": [
        1,
        1,
        null
      ],
      "/Users/hellospiral/Desktop/ji_scale_designer/app/helpers/application_helper.rb": [
        1,
        null
      ],
      "/Users/hellospiral/Desktop/ji_scale_designer/app/channels/application_cable/channel.rb": [
        1,
        1,
        null,
        null
      ],
      "/Users/hellospiral/Desktop/ji_scale_designer/app/channels/application_cable/connection.rb": [
        1,
        1,
        null,
        null
      ],
      "/Users/hellospiral/Desktop/ji_scale_designer/app/controllers/notes_controller.rb": [
        1,
        1,
        3,
        3,
        null,
        null,
        1,
        2,
        2,
        1,
        1,
        1,
        0,
        0,
        0,
        0,
        0,
        0,
        0,
        0,
        0,
        0,
        0,
        0,
        0,
        0,
        0,
        null,
        null,
        1,
        1,
        1,
        1,
        null,
        null,
        1,
        2,
        1,
        null,
        null,
        null,
        null,
        1,
        2,
        2,
        null,
        null,
        1,
        2,
        2,
        2,
        1,
        1,
        2,
        1,
        null,
        null,
        1,
        1,
        null,
        null,
        null,
        1,
        0,
        0,
        0,
        0,
        0,
        0,
        0,
        null,
        null,
        null,
        1,
        null,
        null,
        1,
        1,
        2,
        null,
        null
      ],
      "/Users/hellospiral/Desktop/ji_scale_designer/app/controllers/scales_controller.rb": [
        1,
        null,
        1,
        10,
        null,
        null,
        1,
        13,
        null,
        null,
        1,
        2,
        null,
        null,
        1,
        2,
        0,
        0,
        0,
        0,
        0,
        0,
        null,
        null,
        0,
        0,
        null,
        null,
        2,
        2,
        1,
        1,
        2,
        1,
        null,
        null,
        1,
        1,
        null,
        null,
        null,
        null,
        1,
        2,
        null,
        null,
        1,
        2,
        2,
        1,
        1,
        2,
        1,
        null,
        null,
        1,
        1,
        null,
        null,
        null,
        1,
        1,
        1,
        1,
        1,
        null,
        null,
        1,
        1,
        4,
        null,
        null
      ],
      "/Users/hellospiral/Desktop/ji_scale_designer/app/controllers/users/omniauth_callbacks_controller.rb": [
        1,
        1,
        null,
        0,
        null,
        0,
        0,
        0,
        null,
        0,
        0,
        null,
        null,
        null,
        1,
        0,
        null,
        null
      ],
      "/Users/hellospiral/Desktop/ji_scale_designer/app/jobs/application_job.rb": [
        1,
        null
      ],
      "/Users/hellospiral/Desktop/ji_scale_designer/app/mailers/application_mailer.rb": [
        1,
        1,
        1,
        null
      ],
      "/Users/hellospiral/Desktop/ji_scale_designer/app/models/note.rb": [
        1,
        1,
        null,
        1,
        null
      ],
      "/Users/hellospiral/Desktop/ji_scale_designer/app/models/scale.rb": [
        1,
        1,
        1,
        1,
        null
      ],
      "/Users/hellospiral/Desktop/ji_scale_designer/spec/factories.rb": [
        1,
        1,
        1,
        null,
        null,
        1,
        1,
        null,
        null
      ],
      "/Users/hellospiral/Desktop/ji_scale_designer/spec/features/add_scale_pages_spec.rb": [
        1,
        null,
        1,
        1,
        1,
        1,
        1,
        1,
        1,
        null,
        null,
        1,
        1,
        1,
        1,
        null,
        null
      ],
      "/Users/hellospiral/Desktop/ji_scale_designer/spec/features/delete_note_pages_spec.rb": [
        1,
        null,
        1,
        1,
        1,
        1,
        1,
        1,
        1,
        null,
        null
      ],
      "/Users/hellospiral/Desktop/ji_scale_designer/spec/features/delete_scale_pages_spec.rb": [
        1,
        null,
        1,
        1,
        1,
        1,
        1,
        1,
        1,
        null,
        null
      ],
      "/Users/hellospiral/Desktop/ji_scale_designer/spec/features/edit_note_pages_spec.rb": [
        1,
        1,
        null,
        1,
        1,
        1,
        1,
        1,
        1,
        1,
        1,
        1,
        1,
        1,
        1,
        1,
        1,
        null,
        null,
        1,
        1,
        1,
        1,
        1,
        1,
        1,
        1,
        1,
        1,
        1,
        1,
        1,
        null,
        null
      ],
      "/Users/hellospiral/Desktop/ji_scale_designer/spec/features/edit_scale_pages_spec.rb": [
        1,
        null,
        1,
        1,
        1,
        1,
        1,
        1,
        1,
        1,
        1,
        1,
        1,
        1,
        1,
        null,
        null,
        1,
        1,
        1,
        1,
        1,
        1,
        1,
        1,
        1,
        1,
        1,
        1,
        null,
        null
      ],
      "/Users/hellospiral/Desktop/ji_scale_designer/spec/features/show_scale_pages_spec.rb": [
        1,
        null,
        1,
        1,
        1,
        1,
        1,
        1,
        1,
        1,
        null,
        null
      ],
      "/Users/hellospiral/Desktop/ji_scale_designer/spec/models/note_spec.rb": [
        1,
        null,
        1,
        2,
        2,
        null
      ],
      "/Users/hellospiral/Desktop/ji_scale_designer/spec/models/scale_spec.rb": [
        1,
        null,
        1,
        2,
        2,
        2,
        null
      ],
      "/Users/hellospiral/Desktop/ji_scale_designer/spec/models/user_spec.rb": [
        1,
        null,
        1,
        2,
        null
      ]
    },
    "timestamp": 1475278491
  }
}
